<?xml version="1.0" encoding="UTF-8"?>
<testng-results ignored="0" total="1" passed="1" failed="0" skipped="0">
  <reporter-output>
  </reporter-output>
  <suite started-at="2021-06-25T17:46:22 CDT" name="Suite" finished-at="2021-06-25T17:46:25 CDT" duration-ms="2878">
    <groups>
    </groups>
    <test started-at="2021-06-25T17:46:22 CDT" name="Test" finished-at="2021-06-25T17:46:25 CDT" duration-ms="2878">
      <class name="demo.DataDrivenExmaples1">
        <test-method signature="test_1_delete2(int)[pri:0, instance:demo.DataDrivenExmaples1@2f8dad04]" started-at="2021-06-25T17:46:22 CDT" name="test_1_delete2" finished-at="2021-06-25T17:46:25 CDT" duration-ms="2816" status="PASS">
          <params>
            <param index="0">
              <value>
                <![CDATA[4]]>
              </value>
            </param>
          </params>
          <reporter-output>
          </reporter-output>
        </test-method> <!-- test_1_delete2 -->
      </class> <!-- demo.DataDrivenExmaples1 -->
    </test> <!-- Test -->
  </suite> <!-- Suite -->
</testng-results>
